<?xml version="1.0" encoding="UTF-8" ?>
<testsuite errors="0" failures="2" hostname="LAPTOP-0F9N9CFA" name="com.company.ValoresTest" skipped="0" tests="2" time="0.082" timestamp="2020-12-16T01:54:48">
  <properties>
    <property name="sun.desktop" value="windows" />
    <property name="awt.toolkit" value="sun.awt.windows.WToolkit" />
    <property name="ant.library.dir" value="C:\Programas\spring-tool-suite-4-4.6.0.RELEASE-e4.15.0-win32.win32.x86_64.self-extracting\sts-4.6.0.RELEASE\plugins\org.apache.ant_1.10.7.v20190926-0324\lib" />
    <property name="java.specification.version" value="12" />
    <property name="ant.project.name" value="GerenciaConfiguracao" />
    <property name="sun.cpu.isalist" value="amd64" />
    <property name="sun.jnu.encoding" value="Cp1252" />
    <property name="java.class.path" value="C:\Programas\spring-tool-suite-4-4.6.0.RELEASE-e4.15.0-win32.win32.x86_64.self-extracting\sts-4.6.0.RELEASE\plugins\org.apache.ant_1.10.7.v20190926-0324\lib\ant-antlr.jar;C:\Programas\spring-tool-suite-4-4.6.0.RELEASE-e4.15.0-win32.win32.x86_64.self-extracting\sts-4.6.0.RELEASE\plugins\org.apache.ant_1.10.7.v20190926-0324\lib\ant-apache-bcel.jar;C:\Programas\spring-tool-suite-4-4.6.0.RELEASE-e4.15.0-win32.win32.x86_64.self-extracting\sts-4.6.0.RELEASE\plugins\org.apache.ant_1.10.7.v20190926-0324\lib\ant-apache-bsf.jar;C:\Programas\spring-tool-suite-4-4.6.0.RELEASE-e4.15.0-win32.win32.x86_64.self-extracting\sts-4.6.0.RELEASE\plugins\org.apache.ant_1.10.7.v20190926-0324\lib\ant-apache-log4j.jar;C:\Programas\spring-tool-suite-4-4.6.0.RELEASE-e4.15.0-win32.win32.x86_64.self-extracting\sts-4.6.0.RELEASE\plugins\org.apache.ant_1.10.7.v20190926-0324\lib\ant-apache-oro.jar;C:\Programas\spring-tool-suite-4-4.6.0.RELEASE-e4.15.0-win32.win32.x86_64.self-extracting\sts-4.6.0.RELEASE\plugins\org.apache.ant_1.10.7.v20190926-0324\lib\ant-apache-regexp.jar;C:\Programas\spring-tool-suite-4-4.6.0.RELEASE-e4.15.0-win32.win32.x86_64.self-extracting\sts-4.6.0.RELEASE\plugins\org.apache.ant_1.10.7.v20190926-0324\lib\ant-apache-resolver.jar;C:\Programas\spring-tool-suite-4-4.6.0.RELEASE-e4.15.0-win32.win32.x86_64.self-extracting\sts-4.6.0.RELEASE\plugins\org.apache.ant_1.10.7.v20190926-0324\lib\ant-apache-xalan2.jar;C:\Programas\spring-tool-suite-4-4.6.0.RELEASE-e4.15.0-win32.win32.x86_64.self-extracting\sts-4.6.0.RELEASE\plugins\org.apache.ant_1.10.7.v20190926-0324\lib\ant-commons-logging.jar;C:\Programas\spring-tool-suite-4-4.6.0.RELEASE-e4.15.0-win32.win32.x86_64.self-extracting\sts-4.6.0.RELEASE\plugins\org.apache.ant_1.10.7.v20190926-0324\lib\ant-commons-net.jar;C:\Programas\spring-tool-suite-4-4.6.0.RELEASE-e4.15.0-win32.win32.x86_64.self-extracting\sts-4.6.0.RELEASE\plugins\org.apache.ant_1.10.7.v20190926-0324\lib\ant-imageio.jar;C:\Programas\spring-tool-suite-4-4.6.0.RELEASE-e4.15.0-win32.win32.x86_64.self-extracting\sts-4.6.0.RELEASE\plugins\org.apache.ant_1.10.7.v20190926-0324\lib\ant-jai.jar;C:\Programas\spring-tool-suite-4-4.6.0.RELEASE-e4.15.0-win32.win32.x86_64.self-extracting\sts-4.6.0.RELEASE\plugins\org.apache.ant_1.10.7.v20190926-0324\lib\ant-javamail.jar;C:\Programas\spring-tool-suite-4-4.6.0.RELEASE-e4.15.0-win32.win32.x86_64.self-extracting\sts-4.6.0.RELEASE\plugins\org.apache.ant_1.10.7.v20190926-0324\lib\ant-jdepend.jar;C:\Programas\spring-tool-suite-4-4.6.0.RELEASE-e4.15.0-win32.win32.x86_64.self-extracting\sts-4.6.0.RELEASE\plugins\org.apache.ant_1.10.7.v20190926-0324\lib\ant-jmf.jar;C:\Programas\spring-tool-suite-4-4.6.0.RELEASE-e4.15.0-win32.win32.x86_64.self-extracting\sts-4.6.0.RELEASE\plugins\org.apache.ant_1.10.7.v20190926-0324\lib\ant-jsch.jar;C:\Programas\spring-tool-suite-4-4.6.0.RELEASE-e4.15.0-win32.win32.x86_64.self-extracting\sts-4.6.0.RELEASE\plugins\org.apache.ant_1.10.7.v20190926-0324\lib\ant-junit.jar;C:\Programas\spring-tool-suite-4-4.6.0.RELEASE-e4.15.0-win32.win32.x86_64.self-extracting\sts-4.6.0.RELEASE\plugins\org.apache.ant_1.10.7.v20190926-0324\lib\ant-junit4.jar;C:\Programas\spring-tool-suite-4-4.6.0.RELEASE-e4.15.0-win32.win32.x86_64.self-extracting\sts-4.6.0.RELEASE\plugins\org.apache.ant_1.10.7.v20190926-0324\lib\ant-junitlauncher.jar;C:\Programas\spring-tool-suite-4-4.6.0.RELEASE-e4.15.0-win32.win32.x86_64.self-extracting\sts-4.6.0.RELEASE\plugins\org.apache.ant_1.10.7.v20190926-0324\lib\ant-launcher.jar;C:\Programas\spring-tool-suite-4-4.6.0.RELEASE-e4.15.0-win32.win32.x86_64.self-extracting\sts-4.6.0.RELEASE\plugins\org.apache.ant_1.10.7.v20190926-0324\lib\ant-netrexx.jar;C:\Programas\spring-tool-suite-4-4.6.0.RELEASE-e4.15.0-win32.win32.x86_64.self-extracting\sts-4.6.0.RELEASE\plugins\org.apache.ant_1.10.7.v20190926-0324\lib\ant-swing.jar;C:\Programas\spring-tool-suite-4-4.6.0.RELEASE-e4.15.0-win32.win32.x86_64.self-extracting\sts-4.6.0.RELEASE\plugins\org.apache.ant_1.10.7.v20190926-0324\lib\ant-testutil.jar;C:\Programas\spring-tool-suite-4-4.6.0.RELEASE-e4.15.0-win32.win32.x86_64.self-extracting\sts-4.6.0.RELEASE\plugins\org.apache.ant_1.10.7.v20190926-0324\lib\ant-xz.jar;C:\Programas\spring-tool-suite-4-4.6.0.RELEASE-e4.15.0-win32.win32.x86_64.self-extracting\sts-4.6.0.RELEASE\plugins\org.apache.ant_1.10.7.v20190926-0324\lib\ant.jar;C:\Programas\spring-tool-suite-4-4.6.0.RELEASE-e4.15.0-win32.win32.x86_64.self-extracting\sts-4.6.0.RELEASE\configuration\org.eclipse.osgi\85\0\.cp\lib\antdebug.jar;C:\Programas\spring-tool-suite-4-4.6.0.RELEASE-e4.15.0-win32.win32.x86_64.self-extracting\sts-4.6.0.RELEASE\configuration\org.eclipse.osgi\85\0\.cp\lib\remote.jar;C:\Programas\spring-tool-suite-4-4.6.0.RELEASE-e4.15.0-win32.win32.x86_64.self-extracting\sts-4.6.0.RELEASE\configuration\org.eclipse.osgi\86\0\.cp\lib\remoteAnt.jar;C:\Programas\spring-tool-suite-4-4.6.0.RELEASE-e4.15.0-win32.win32.x86_64.self-extracting\sts-4.6.0.RELEASE\plugins\org.eclipse.swt.win32.win32.x86_64_3.114.0.v20200304-0601.jar" />
    <property name="java.vm.vendor" value="Oracle Corporation" />
    <property name="jar.dir" value="C:\Users\quiri\Documents\DevQuirino\Cursos\2020\Especialização\2020\GerenciaConfiguracao\ExercicioPos1\jar" />
    <property name="sun.arch.data.model" value="64" />
    <property name="user.variant" value="" />
    <property name="java.vendor.url" value="https://java.oracle.com/" />
    <property name="source.dir" value="C:\Users\quiri\Documents\DevQuirino\Cursos\2020\Especialização\2020\GerenciaConfiguracao\ExercicioPos1\src" />
    <property name="os.name" value="Windows 10" />
    <property name="java.vm.specification.version" value="12" />
    <property name="reports.dir" value="C:\Users\quiri\Documents\DevQuirino\Cursos\2020\Especialização\2020\GerenciaConfiguracao\ExercicioPos1\testreport" />
    <property name="sun.java.launcher" value="SUN_STANDARD" />
    <property name="user.country" value="BR" />
    <property name="sun.boot.library.path" value="C:\Program Files\Java\jdk-12.0.2\bin" />
    <property name="sun.java.command" value="org.eclipse.ant.internal.launching.remote.InternalAntRunner -Dorg.eclipse.ant.core.ANT_PROCESS_ID=1608083680889 -Declipse.connect.port=55666 -Declipse.pdebuild.home=C:\Programas\spring-tool-suite-4-4.6.0.RELEASE-e4.15.0-win32.win32.x86_64.self-extracting\sts-4.6.0.RELEASE\plugins\org.eclipse.pde.build_3.10.700.v20191228-1214\. -Declipse.pdebuild.scripts=C:\Programas\spring-tool-suite-4-4.6.0.RELEASE-e4.15.0-win32.win32.x86_64.self-extracting\sts-4.6.0.RELEASE\plugins\org.eclipse.pde.build_3.10.700.v20191228-1214\scripts -Declipse.pdebuild.templates=C:\Programas\spring-tool-suite-4-4.6.0.RELEASE-e4.15.0-win32.win32.x86_64.self-extracting\sts-4.6.0.RELEASE\plugins\org.eclipse.pde.build_3.10.700.v20191228-1214\templates -Dant.home=C:\Programas\spring-tool-suite-4-4.6.0.RELEASE-e4.15.0-win32.win32.x86_64.self-extracting\sts-4.6.0.RELEASE\plugins\org.apache.ant_1.10.7.v20190926-0324 -logger org.eclipse.ant.internal.launching.remote.logger.RemoteAntBuildLogger -inputhandler org.eclipse.ant.internal.ui.antsupport.inputhandler.ProxyInputHandler -buildfile C:\Users\quiri\Documents\DevQuirino\Cursos\2020\Especialização\2020\GerenciaConfiguracao\ExercicioPos1\build.xml doc init compile test main jar" />
    <property name="ant.file.type.GerenciaConfiguracao" value="file" />
    <property name="jdk.debug" value="release" />
    <property name="sun.cpu.endian" value="little" />
    <property name="user.home" value="C:\Users\quiri" />
    <property name="user.language" value="pt" />
    <property name="eclipse.pdebuild.templates" value="C:\Programas\spring-tool-suite-4-4.6.0.RELEASE-e4.15.0-win32.win32.x86_64.self-extracting\sts-4.6.0.RELEASE\plugins\org.eclipse.pde.build_3.10.700.v20191228-1214\templates" />
    <property name="java.specification.vendor" value="Oracle Corporation" />
    <property name="java.version.date" value="2019-07-16" />
    <property name="java.home" value="C:\Program Files\Java\jdk-12.0.2" />
    <property name="file.separator" value="\" />
    <property name="basedir" value="C:\Users\quiri\Documents\DevQuirino\Cursos\2020\Especialização\2020\GerenciaConfiguracao\ExercicioPos1" />
    <property name="eclipse.pdebuild.home" value="C:\Programas\spring-tool-suite-4-4.6.0.RELEASE-e4.15.0-win32.win32.x86_64.self-extracting\sts-4.6.0.RELEASE\plugins\org.eclipse.pde.build_3.10.700.v20191228-1214\." />
    <property name="java.vm.compressedOopsMode" value="32-bit" />
    <property name="line.separator" value="&#xd;&#xa;" />
    <property name="ant.java.version" value="12" />
    <property name="java.vm.specification.vendor" value="Oracle Corporation" />
    <property name="java.specification.name" value="Java Platform API Specification" />
    <property name="doc.dir" value="C:\Users\quiri\Documents\DevQuirino\Cursos\2020\Especialização\2020\GerenciaConfiguracao\ExercicioPos1\doc" />
    <property name="java.awt.graphicsenv" value="sun.awt.Win32GraphicsEnvironment" />
    <property name="ant.file.GerenciaConfiguracao" value="C:\Users\quiri\Documents\DevQuirino\Cursos\2020\Especialização\2020\GerenciaConfiguracao\ExercicioPos1\build.xml" />
    <property name="user.script" value="" />
    <property name="sun.management.compiler" value="HotSpot 64-Bit Tiered Compilers" />
    <property name="java.runtime.version" value="12.0.2+10" />
    <property name="user.name" value="quiri" />
    <property name="ant.file" value="C:\Users\quiri\Documents\DevQuirino\Cursos\2020\Especialização\2020\GerenciaConfiguracao\ExercicioPos1\build.xml" />
    <property name="path.separator" value=";" />
    <property name="os.version" value="10.0" />
    <property name="java.runtime.name" value="Java(TM) SE Runtime Environment" />
    <property name="file.encoding" value="UTF-8" />
    <property name="ant.project.invoked-targets" value="doc,init,compile,test,main,jar" />
    <property name="java.vm.name" value="Java HotSpot(TM) 64-Bit Server VM" />
    <property name="ant.core.lib" value="C:\Programas\spring-tool-suite-4-4.6.0.RELEASE-e4.15.0-win32.win32.x86_64.self-extracting\sts-4.6.0.RELEASE\plugins\org.apache.ant_1.10.7.v20190926-0324\lib\ant.jar" />
    <property name="build.dir" value="C:\Users\quiri\Documents\DevQuirino\Cursos\2020\Especialização\2020\GerenciaConfiguracao\ExercicioPos1\bin" />
    <property name="java.vendor.url.bug" value="https://bugreport.java.com/bugreport/" />
    <property name="java.io.tmpdir" value="C:\Users\quiri\AppData\Local\Temp\" />
    <property name="java.version" value="12.0.2" />
    <property name="user.dir" value="C:\Users\quiri\Documents\DevQuirino\Cursos\2020\Especialização\2020\GerenciaConfiguracao\ExercicioPos1" />
    <property name="os.arch" value="amd64" />
    <property name="java.vm.specification.name" value="Java Virtual Machine Specification" />
    <property name="ant.home" value="C:\Programas\spring-tool-suite-4-4.6.0.RELEASE-e4.15.0-win32.win32.x86_64.self-extracting\sts-4.6.0.RELEASE\plugins\org.apache.ant_1.10.7.v20190926-0324" />
    <property name="lib.dir" value="C:\Users\quiri\Documents\DevQuirino\Cursos\2020\Especialização\2020\GerenciaConfiguracao\ExercicioPos1\lib" />
    <property name="sun.os.patch.level" value="" />
    <property name="ant.version" value="Apache Ant(TM) version 1.10.7 compiled on September 1 2019" />
    <property name="java.library.path" value="C:\Programas\spring-tool-suite-4-4.6.0.RELEASE-e4.15.0-win32.win32.x86_64.self-extracting\sts-4.6.0.RELEASE;C:\WINDOWS\Sun\Java\bin;C:\WINDOWS\system32;C:\WINDOWS;C:\Program Files (x86)\Falcon\MinGW\bin;C:\Program Files (x86)\Common Files\Intel\Shared Libraries\redist\intel64\compiler;C:\Program Files (x86)\Common Files\Intel\Shared Files\cpp\bin\Intel64;C:\Windows\system32;C:\Windows;C:\Windows\System32\Wbem;C:\Windows\System32\WindowsPowerShell\v1.0\;C:\Program Files (x86)\NVIDIA Corporation\PhysX\Common;C:\Program Files\TortoiseGit\bin;C:\Program Files\Git\cmd;C:\WINDOWS\system32;C:\WINDOWS;C:\WINDOWS\System32\Wbem;C:\WINDOWS\System32\WindowsPowerShell\v1.0\;C:\WINDOWS\System32\OpenSSH\;C:\Program Files\Microsoft VS Code\bin;C:\Program Files\VDownloader;C:\ProgramData\chocolatey\bin;C:\Program Files\MongoDB\Server\4.0\bin;C:\Program Files\Microsoft SQL Server\Client SDK\ODBC\130\Tools\Binn\;C:\Program Files (x86)\Microsoft SQL Server\140\Tools\Binn\;C:\Program Files\Microsoft SQL Server\140\Tools\Binn\;C:\Program Files\Microsoft SQL Server\140\DTS\Binn\;C:\Program Files\dotnet\;C:\Program Files\Microsoft SQL Server\130\Tools\Binn\;C:\Program Files\Microsoft SQL Server\Client SDK\ODBC\170\Tools\Binn\;C:\Program Files (x86)\Microsoft SQL Server\150\DTS\Binn\;C:\Program Files\nodejs\;C:\Program Files\Dart\dart-sdk\bin;C:\ProgramData\ComposerSetup\bin;C:\Program Files\PuTTY\;C:\Program Files\Docker\Docker\resources\bin;C:\ProgramData\DockerDesktop\version-bin;C:\Users\quiri\AppData\Local\Microsoft\WindowsApps;C:\Users\quiri\AppData\Roaming\npm;C:\Users\quiri\AppData\Local\hyper\app-3.0.2\resources\bin;C:\xampp\php;C:\Users\quiri\AppData\Roaming\Composer\vendor\bin;C:\Exercism;C:\Program Files\Java\jdk-12.0.2\bin;;.;C:\Programas\spring-tool-suite-4-4.6.0.RELEASE-e4.15.0-win32.win32.x86_64.self-extracting\sts-4.6.0.RELEASE\configuration\org.eclipse.osgi\416\0\.cp" />
    <property name="eclipse.pdebuild.scripts" value="C:\Programas\spring-tool-suite-4-4.6.0.RELEASE-e4.15.0-win32.win32.x86_64.self-extracting\sts-4.6.0.RELEASE\plugins\org.eclipse.pde.build_3.10.700.v20191228-1214\scripts" />
    <property name="java.vm.info" value="mixed mode, sharing" />
    <property name="java.vendor" value="Oracle Corporation" />
    <property name="java.vm.version" value="12.0.2+10" />
    <property name="sun.io.unicode.encoding" value="UnicodeLittle" />
    <property name="java.class.version" value="56.0" />
  </properties>
  <testcase classname="com.company.ValoresTest" name="testDel" time="0.021">
    <failure message="expected:&lt;5&gt; but was:&lt;0&gt;" type="junit.framework.AssertionFailedError">junit.framework.AssertionFailedError: expected:&lt;5&gt; but was:&lt;0&gt;
	at com.company.ValoresTest.testDel(Unknown Source)
	at java.base/jdk.internal.reflect.NativeMethodAccessorImpl.invoke0(Native Method)
	at java.base/jdk.internal.reflect.NativeMethodAccessorImpl.invoke(NativeMethodAccessorImpl.java:62)
	at java.base/jdk.internal.reflect.DelegatingMethodAccessorImpl.invoke(DelegatingMethodAccessorImpl.java:43)
	at java.base/jdk.internal.reflect.NativeMethodAccessorImpl.invoke0(Native Method)
	at java.base/jdk.internal.reflect.NativeMethodAccessorImpl.invoke(NativeMethodAccessorImpl.java:62)
	at java.base/jdk.internal.reflect.DelegatingMethodAccessorImpl.invoke(DelegatingMethodAccessorImpl.java:43)
	at org.eclipse.ant.internal.launching.remote.EclipseDefaultExecutor.executeTargets(EclipseDefaultExecutor.java:39)
	at org.eclipse.ant.internal.launching.remote.InternalAntRunner.run(InternalAntRunner.java:461)
	at org.eclipse.ant.internal.launching.remote.InternalAntRunner.main(InternalAntRunner.java:143)
</failure>
  </testcase>
  <testcase classname="com.company.ValoresTest" name="testIns" time="0.004">
    <failure message="expected:&lt;7&gt; but was:&lt;10&gt;" type="junit.framework.AssertionFailedError">junit.framework.AssertionFailedError: expected:&lt;7&gt; but was:&lt;10&gt;
	at com.company.ValoresTest.testIns(Unknown Source)
	at java.base/jdk.internal.reflect.NativeMethodAccessorImpl.invoke0(Native Method)
	at java.base/jdk.internal.reflect.NativeMethodAccessorImpl.invoke(NativeMethodAccessorImpl.java:62)
	at java.base/jdk.internal.reflect.DelegatingMethodAccessorImpl.invoke(DelegatingMethodAccessorImpl.java:43)
	at java.base/jdk.internal.reflect.NativeMethodAccessorImpl.invoke0(Native Method)
	at java.base/jdk.internal.reflect.NativeMethodAccessorImpl.invoke(NativeMethodAccessorImpl.java:62)
	at java.base/jdk.internal.reflect.DelegatingMethodAccessorImpl.invoke(DelegatingMethodAccessorImpl.java:43)
	at org.eclipse.ant.internal.launching.remote.EclipseDefaultExecutor.executeTargets(EclipseDefaultExecutor.java:39)
	at org.eclipse.ant.internal.launching.remote.InternalAntRunner.run(InternalAntRunner.java:461)
	at org.eclipse.ant.internal.launching.remote.InternalAntRunner.main(InternalAntRunner.java:143)
</failure>
  </testcase>
  <system-out><![CDATA[]]></system-out>
  <system-err><![CDATA[]]></system-err>
</testsuite>
